<?xml version="1.0" encoding="UTF-8"?>
<testsuite xmlns:xsi="http://www.w3.org/2001/XMLSchema-instance" xsi:noNamespaceSchemaLocation="https://maven.apache.org/surefire/maven-surefire-plugin/xsd/surefire-test-report-3.0.xsd" version="3.0" name="TestSuite" time="41.406" tests="1" errors="0" skipped="0" failures="0">
  <properties>
[...]
</properties>
  <testcase name="launchApp" classname="collabera.LaunchApplication" time="10.626">
    <system-out><![CDATA[&amp#27;[35m[Appium]&amp#27;[39m Welcome to Appium v2.0.1
&amp#27;[35m[Appium]&amp#27;[39m Non-default server args:
&amp#27;[35m[Appium]&amp#27;[39m { address: &amp#27;[32m'127.0.0.1'&amp#27;[39m }
&amp#27;[35m[Appium]&amp#27;[39m Attempting to load driver uiautomator2...
[debug] &amp#27;[35m[Appium]&amp#27;[39m Requiring driver at C:/Users/Harsha Patil/node_modules/appium-uiautomator2-driver
]]></system-out>
    <system-err><![CDATA[SLF4J: No SLF4J providers were found.
SLF4J: Defaulting to no-operation (NOP) logger implementation
SLF4J: See https://www.slf4j.org/codes.html#noProviders for further details.
]]></system-err>
  </testcase>
</testsuite>