<?xml version="1.0" encoding="UTF-8"?>
<testng-results ignored="0" total="1" passed="1" failed="0" skipped="0">
  <reporter-output>
  </reporter-output>
  <suite started-at="2023-10-22T18:58:46 IST" name="Suite" finished-at="2023-10-22T18:59:26 IST" duration-ms="39799">
    <groups>
    </groups>
    <test started-at="2023-10-22T18:58:46 IST" name="Test" finished-at="2023-10-22T18:59:26 IST" duration-ms="39799">
      <class name="collabera.LaunchApplication">
        <test-method is-config="true" signature="startServerwithApp()[pri:0, instance:collabera.LaunchApplication@add0edd]" started-at="2023-10-22T18:58:46 IST" name="startServerwithApp" finished-at="2023-10-22T18:59:13 IST" duration-ms="26407" status="PASS">
          <reporter-output>
          </reporter-output>
        </test-method> <!-- startServerwithApp -->
        <test-method signature="launchApp()[pri:0, instance:collabera.LaunchApplication@add0edd]" started-at="2023-10-22T18:59:13 IST" name="launchApp" finished-at="2023-10-22T18:59:24 IST" duration-ms="10684" status="PASS">
          <reporter-output>
          </reporter-output>
        </test-method> <!-- launchApp -->
        <test-method is-config="true" signature="closeReport()[pri:0, instance:collabera.LaunchApplication@add0edd]" started-at="2023-10-22T18:59:24 IST" name="closeReport" finished-at="2023-10-22T18:59:25 IST" duration-ms="1185" status="PASS">
          <reporter-output>
          </reporter-output>
        </test-method> <!-- closeReport -->
        <test-method is-config="true" signature="tearDown()[pri:0, instance:collabera.LaunchApplication@add0edd]" started-at="2023-10-22T18:59:25 IST" name="tearDown" finished-at="2023-10-22T18:59:26 IST" duration-ms="1437" status="PASS">
          <reporter-output>
          </reporter-output>
        </test-method> <!-- tearDown -->
      </class> <!-- collabera.LaunchApplication -->
    </test> <!-- Test -->
  </suite> <!-- Suite -->
</testng-results>
