<?xml version="1.0" encoding="UTF-8"?>
<testng-results ignored="0" total="1" passed="1" failed="0" skipped="0">
  <reporter-output>
  </reporter-output>
  <suite started-at="2023-10-22T18:56:33 IST" name="Default suite" finished-at="2023-10-22T18:57:05 IST" duration-ms="32045">
    <groups>
    </groups>
    <test started-at="2023-10-22T18:56:33 IST" name="Default test" finished-at="2023-10-22T18:57:05 IST" duration-ms="32045">
      <class name="collabera.LaunchApplication">
        <test-method is-config="true" signature="startServerwithApp()[pri:0, instance:collabera.LaunchApplication@36c88a32]" started-at="2023-10-22T18:56:33 IST" name="startServerwithApp" finished-at="2023-10-22T18:56:52 IST" duration-ms="18938" status="PASS">
          <reporter-output>
          </reporter-output>
        </test-method> <!-- startServerwithApp -->
        <test-method signature="launchApp()[pri:0, instance:collabera.LaunchApplication@36c88a32]" started-at="2023-10-22T18:56:52 IST" name="launchApp" finished-at="2023-10-22T18:57:03 IST" duration-ms="10724" status="PASS">
          <reporter-output>
          </reporter-output>
        </test-method> <!-- launchApp -->
        <test-method is-config="true" signature="closeReport()[pri:0, instance:collabera.LaunchApplication@36c88a32]" started-at="2023-10-22T18:57:03 IST" name="closeReport" finished-at="2023-10-22T18:57:04 IST" duration-ms="976" status="PASS">
          <reporter-output>
          </reporter-output>
        </test-method> <!-- closeReport -->
        <test-method is-config="true" signature="tearDown()[pri:0, instance:collabera.LaunchApplication@36c88a32]" started-at="2023-10-22T18:57:04 IST" name="tearDown" finished-at="2023-10-22T18:57:05 IST" duration-ms="1314" status="PASS">
          <reporter-output>
          </reporter-output>
        </test-method> <!-- tearDown -->
      </class> <!-- collabera.LaunchApplication -->
    </test> <!-- Default test -->
  </suite> <!-- Default suite -->
</testng-results>
